<?xml version="1.0" encoding="UTF-8"?>
<testng-results skipped="0" failed="0" ignored="0" total="1" passed="1">
  <reporter-output>
  </reporter-output>
  <suite name="Default suite" duration-ms="76487" started-at="2019-10-21T03:30:24Z" finished-at="2019-10-21T03:31:40Z">
    <groups>
    </groups>
    <test name="Default test" duration-ms="76487" started-at="2019-10-21T03:30:24Z" finished-at="2019-10-21T03:31:40Z">
      <class name="Testchallenge.HomePageTest">
        <test-method status="PASS" signature="setUp()[pri:0, instance:Testchallenge.HomePageTest@46d56d67]" name="setUp" is-config="true" duration-ms="19367" started-at="2019-10-21T03:30:24Z" finished-at="2019-10-21T03:30:43Z">
          <reporter-output>
          </reporter-output>
        </test-method> <!-- setUp -->
        <test-method status="PASS" signature="step1()[pri:0, instance:Testchallenge.HomePageTest@46d56d67]" name="step1" duration-ms="52760" started-at="2019-10-21T03:30:43Z" finished-at="2019-10-21T03:31:36Z">
          <reporter-output>
          </reporter-output>
        </test-method> <!-- step1 -->
        <test-method status="PASS" signature="tearDown()[pri:0, instance:Testchallenge.HomePageTest@46d56d67]" name="tearDown" is-config="true" duration-ms="4327" started-at="2019-10-21T03:31:36Z" finished-at="2019-10-21T03:31:40Z">
          <reporter-output>
          </reporter-output>
        </test-method> <!-- tearDown -->
      </class> <!-- Testchallenge.HomePageTest -->
    </test> <!-- Default test -->
  </suite> <!-- Default suite -->
</testng-results>
